<?xml version="1.0" encoding="UTF-8"?>
<testsuite name="com.demowebshop.test.NegativeLoginTest" tests="2" skipped="1" failures="1" errors="0"
           timestamp="2025-11-28T20:46:04.818Z" hostname="DESKTOP-8U03UTF" time="30.393">
  <properties/>
  <testcase name="loginUser" classname="com.demowebshop.test.NegativeLoginTest" time="30.388"></testcase>
    <failure message="org.openqa.selenium.TimeoutException: Expected condition failed: waiting for element to be clickable:
    By.cssSelector: a.ico-login (tried for 30 second(s) with 500 milliseconds interval)" type="org.openqa.selenium.TimeoutException">
      org.openqa.selenium.TimeoutException: Expected condition failed: waiting for element to be clickable: By.cssSelector:
      a.ico-login (tried for 30 second(s) with 500 milliseconds interval)
    </failure>
      16:34:54.913 [Test worker] INFO  com.demowebshop.core.TestBase -- Start test isHomeComponentPresentTest with data: []
      16:34:55.001 [Test worker] INFO  com.demowebshop.core.TestBase -- PASSED: isHomeComponentPresentTest[]
      16:34:55.002 [Test worker] INFO  com.demowebshop.core.TestBase -- Stop Test[]
      16:34:55.003 [Test worker] INFO  com.demowebshop.core.TestBase -- ************************************************[]
      16:34:55.011 [Test worker] INFO  com.demowebshop.core.TestBase -- Stop  test
      </testsuite>


